1d91f339c7d2a4c: 0, 0, 0, 0, StartTime ;
1d91f339c7d2a4c: 60d, 0, 0, 0, Transaction UoW: {13DA5148-8B26-11ED-93BB-EA938B1CA0A8} for CommitTransaction ;
1d91f339d24ba74: 0, 0, 0, 0, EndTime ;
1d927bb8e765054: 0, 0, 0, 0, StartTime ;
1d927bb8e765054: 60d, 0, 0, 0, Transaction UoW: {BC81093F-928D-11ED-93BE-B51678E6B028} for CommitTransaction ;
1d927bb92dfe1a3: 0, 0, 0, 0, EndTime ;
1d9392426d7c8ea: 0, 0, 0, 0, StartTime ;
1d9392426d7c8ea: 60d, 0, 0, 0, Transaction UoW: {F0E7B3BF-A45A-11ED-93C4-8B06BD897610} for CommitTransaction ;
1d93924272100dc: 0, 0, 0, 0, EndTime ;
1d9410943345d8d: 0, 0, 0, 0, StartTime ;
1d9410943345d8d: 60d, 0, 0, 0, Transaction UoW: {9C3CB55B-ACDA-11ED-93CD-DBE84391AC0D} for CommitTransaction ;
1d941094919b03a: 0, 0, 0, 0, EndTime ;
1d941ff4e882eda: 0, 0, 0, 0, StartTime ;
1d941ff4e85c861: 60d, 0, 0, 0, Transaction UoW: {9A9A26BB-ADE8-11ED-93CE-DCEF77F9570B} for CommitTransaction ;
1d941ff4f109f58: 0, 0, 0, 0, EndTime ;
1d94f67b0631891: 0, 0, 0, 0, StartTime ;
1d94f67b0631891: 60d, 0, 0, 0, Transaction UoW: {C541A812-BB12-11ED-93D7-A7CE896F512C} for CommitTransaction ;
1d94f67b09eee1e: 0, 0, 0, 0, EndTime ;
1d95751526d913b: 0, 0, 0, 0, StartTime ;
1d95751526d913b: 60d, 0, 0, 0, Transaction UoW: {4DB6DBA3-C282-11ED-93D9-B64721B5D6ED} for CommitTransaction ;
1d957515bc28e2d: 0, 0, 0, 0, EndTime ;
1d96dac1749c73c: 0, 0, 0, 0, StartTime ;
1d96dac1749c73c: 654, 0, 0, 0, Transaction UoW: {B34257EA-D951-11ED-93DE-546CEB7C9123} for CommitTransaction ;
1d96dac1e18b2e2: 0, 0, 0, 0, ValidateQueuedOpsStart ;
1d96dac1f215c04: 0, 0, 0, 0, ValidateQueuedOpsFinish ;
1d96dac1f215c04: 0, 0, 0, 0, EndTime ;
1d98412b840970b: 0, 0, 0, 0, StartTime ;
1d98412b840970b: 1002, c0000043, 0, 0, onecore\base\wcp\sil\ntsystem.cpp, Windows::Rtl::SystemImplementation::DirectFileSystemProvider::SysSetInformationFile(4098):  ;
1d98412b840970b: 92c, c0000043, 120c, 0, HardLinkFile ;\SystemRoot\WinSxS\amd64_security-octagon-enclave_31bf3856ad364e35_10.0.22621.1702_none_30eb0b47df0a529c\SgrmEnclave_secure.dll, \??\C:\WINDOWS\System32\Sgrm\SgrmEnclave_secure.dll
1d98412bc956e9e: 0, 0, 0, 0, InterferingProcess ; \Device\HarddiskVolume3\Windows\System32\Sgrm\SgrmBroker.exe
1d98412bc956e9e: 0, 0, 0, 0, EndTime ;
1d98412d9179ff8: 0, 0, 0, 0, StartTime ;
1d98412d9179ff8: 654, 0, 0, 0, Transaction UoW: {0538262E-F006-11ED-93EA-546CEB7C911F} for CommitTransaction ;
1d98412df6b6621: 0, 0, 0, 0, ValidateQueuedOpsStart ;
1d98412e2b56158: 0, 0, 0, 0, ValidateQueuedOpsFinish ;
1d98412e2b56158: 0, 0, 0, 0, EndTime ;
1d98eb582b231d1: 0, 0, 0, 0, StartTime ;
1d98eb582b231d1: 654, 0, 0, 0, Transaction UoW: {3C058B5C-FA45-11ED-93F3-8CB6CB58F103} for CommitTransaction ;
1d98eb588ad09b1: 0, 0, 0, 0, ValidateQueuedOpsStart ;
1d98eb58a76cd13: 0, 0, 0, 0, ValidateQueuedOpsFinish ;
1d98eb58a76cd13: 0, 0, 0, 0, EndTime ;
1d9a0677c6f6279: 0, 0, 0, 0, StartTime ;
1d9a0677c6f6279: 654, 0, 0, 0, Transaction UoW: {0ECB8696-0B92-11EE-93FC-8157ECCF54E3} for CommitTransaction ;
1d9a0677e5fa317: 0, 0, 0, 0, ValidateQueuedOpsStart ;
1d9a0677ec3c8ba: 0, 0, 0, 0, ValidateQueuedOpsFinish ;
1d9a0677ec3c8ba: 0, 0, 0, 0, EndTime ;
1d9aa35188ac938: 0, 0, 0, 0, StartTime ;
1d9aa35188ac938: 1002, c0000043, 0, 0, onecore\base\wcp\sil\ntsystem.cpp, Windows::Rtl::SystemImplementation::DirectFileSystemProvider::SysSetInformationFile(4098):  ;
1d9aa35188ac938: 92c, c0000043, a81, 0, HardLinkFile ;\SystemRoot\WinSxS\amd64_security-octagon-enclave_31bf3856ad364e35_10.0.22621.1928_none_30d6e353df1956f2\SgrmEnclave.dll, \??\C:\WINDOWS\System32\Sgrm\SgrmEnclave.dll
1d9aa351c23b57b: 0, 0, 0, 0, EndTime ;
1d9aa353aee4f71: 0, 0, 0, 0, StartTime ;
1d9aa353aee4f71: 654, 0, 0, 0, Transaction UoW: {65BC4821-1628-11EE-9404-546CEB7C911F} for CommitTransaction ;
1d9aa353f0821a0: 0, 0, 0, 0, ValidateQueuedOpsStart ;
1d9aa35400c87ec: 0, 0, 0, 0, ValidateQueuedOpsFinish ;
1d9aa35400c87ec: 0, 0, 0, 0, EndTime ;
